2015-11-09 18:03:58 Error: [Cake\View\Exception\MissingTemplateException] Template file "Articles\add.ctp" is missing.
Exception Attributes: array (
  'file' => 'Articles\\add.ctp',
)
Request URL: /cakephp/articles/add
Stack Trace:
#0 C:\xampp\htdocs\cakephp\vendor\cakephp\cakephp\src\View\View.php(575): Cake\View\View->_getViewFileName(NULL)
#1 C:\xampp\htdocs\cakephp\vendor\cakephp\cakephp\src\Controller\Controller.php(611): Cake\View\View->render(NULL, NULL)
#2 C:\xampp\htdocs\cakephp\vendor\cakephp\cakephp\src\Routing\Dispatcher.php(120): Cake\Controller\Controller->render()
#3 C:\xampp\htdocs\cakephp\vendor\cakephp\cakephp\src\Routing\Dispatcher.php(87): Cake\Routing\Dispatcher->_invoke(Object(App\Controller\ArticlesController))
#4 C:\xampp\htdocs\cakephp\webroot\index.php(37): Cake\Routing\Dispatcher->dispatch(Object(Cake\Network\Request), Object(Cake\Network\Response))
#5 {main}


2015-11-09 18:24:46 Error: Fatal Error (1): Call to a member function allow() on boolean in [C:\xampp\htdocs\cakephp\src\Controller\UsersController.php, line 13]
Trace:
Cake\Error\BaseErrorHandler::handleFatalError() - CORE\src\Error\BaseErrorHandler.php, line 191
Cake\Error\BaseErrorHandler::Cake\Error\{closure}() - CORE\src\Error\BaseErrorHandler.php, line 90
[main] - [internal], line ??



2015-11-09 18:24:47 Error: [Cake\Error\FatalErrorException] Call to a member function allow() on boolean
Request URL: /cakephp/users
Stack Trace:
#0 C:\xampp\htdocs\cakephp\vendor\cakephp\cakephp\src\Error\BaseErrorHandler.php(90): Cake\Error\BaseErrorHandler->handleFatalError(1, 'Call to a membe...', 'C:\\xampp\\htdocs...', 13)
#1 [internal function]: Cake\Error\BaseErrorHandler->Cake\Error\{closure}()
#2 {main}


2015-11-09 18:24:52 Error: [Cake\Routing\Exception\MissingControllerException] Controller class Usersadd could not be found.
Exception Attributes: array (
  'class' => 'Usersadd',
  'plugin' => NULL,
  'prefix' => NULL,
  '_ext' => NULL,
)
Request URL: /cakephp/usersadd
Stack Trace:
#0 C:\xampp\htdocs\cakephp\webroot\index.php(37): Cake\Routing\Dispatcher->dispatch(Object(Cake\Network\Request), Object(Cake\Network\Response))
#1 {main}


